Analysis & Synthesis report for Bombeador
Tue Jun 26 21:30:30 2018
Quartus II 64-Bit Version 13.0.1 Build 232 06/12/2013 Service Pack 1 SJ Web Edition


---------------------
; Table of Contents ;
---------------------
  1. Legal Notice
  2. Analysis & Synthesis Summary
  3. Analysis & Synthesis Settings
  4. Parallel Compilation
  5. Analysis & Synthesis Source Files Read
  6. Analysis & Synthesis Resource Usage Summary
  7. Analysis & Synthesis Resource Utilization by Entity
  8. Registers Removed During Synthesis
  9. General Register Statistics
 10. Inverted Register Statistics
 11. Multiplexer Restructuring Statistics (Restructuring Performed)
 12. Port Connectivity Checks: "Contador_Sincrono_Dividido:Contador_final|Divisor_Freq:Divisor"
 13. Port Connectivity Checks: "Definir_TIME:DEFINIR_TEMPO|Divisor_Freq:DIV"
 14. Elapsed Time Per Partition
 15. Analysis & Synthesis Messages



----------------
; Legal Notice ;
----------------
Copyright (C) 1991-2013 Altera Corporation
Your use of Altera Corporation's design tools, logic functions 
and other software and tools, and its AMPP partner logic 
functions, and any output files from any of the foregoing 
(including device programming or simulation files), and any 
associated documentation or information are expressly subject 
to the terms and conditions of the Altera Program License 
Subscription Agreement, Altera MegaCore Function License 
Agreement, or other applicable license agreement, including, 
without limitation, that your use is for the sole purpose of 
programming logic devices manufactured by Altera and sold by 
Altera or its authorized distributors.  Please refer to the 
applicable agreement for further details.



+--------------------------------------------------------------------------------------+
; Analysis & Synthesis Summary                                                         ;
+------------------------------------+-------------------------------------------------+
; Analysis & Synthesis Status        ; Successful - Tue Jun 26 21:30:30 2018           ;
; Quartus II 64-Bit Version          ; 13.0.1 Build 232 06/12/2013 SP 1 SJ Web Edition ;
; Revision Name                      ; Bombeador                                       ;
; Top-level Entity Name              ; Bombeador                                       ;
; Family                             ; Cyclone II                                      ;
; Total logic elements               ; 644                                             ;
;     Total combinational functions  ; 630                                             ;
;     Dedicated logic registers      ; 259                                             ;
; Total registers                    ; 259                                             ;
; Total pins                         ; 98                                              ;
; Total virtual pins                 ; 0                                               ;
; Total memory bits                  ; 0                                               ;
; Embedded Multiplier 9-bit elements ; 0                                               ;
; Total PLLs                         ; 0                                               ;
+------------------------------------+-------------------------------------------------+


+----------------------------------------------------------------------------------------------------------------------+
; Analysis & Synthesis Settings                                                                                        ;
+----------------------------------------------------------------------------+--------------------+--------------------+
; Option                                                                     ; Setting            ; Default Value      ;
+----------------------------------------------------------------------------+--------------------+--------------------+
; Device                                                                     ; EP2C35F672C6       ;                    ;
; Top-level entity name                                                      ; Bombeador          ; Bombeador          ;
; Family name                                                                ; Cyclone II         ; Cyclone IV GX      ;
; Use smart compilation                                                      ; Off                ; Off                ;
; Enable parallel Assembler and TimeQuest Timing Analyzer during compilation ; On                 ; On                 ;
; Enable compact report table                                                ; Off                ; Off                ;
; Restructure Multiplexers                                                   ; Auto               ; Auto               ;
; Create Debugging Nodes for IP Cores                                        ; Off                ; Off                ;
; Preserve fewer node names                                                  ; On                 ; On                 ;
; Disable OpenCore Plus hardware evaluation                                  ; Off                ; Off                ;
; Verilog Version                                                            ; Verilog_2001       ; Verilog_2001       ;
; VHDL Version                                                               ; VHDL_1993          ; VHDL_1993          ;
; State Machine Processing                                                   ; Auto               ; Auto               ;
; Safe State Machine                                                         ; Off                ; Off                ;
; Extract Verilog State Machines                                             ; On                 ; On                 ;
; Extract VHDL State Machines                                                ; On                 ; On                 ;
; Ignore Verilog initial constructs                                          ; Off                ; Off                ;
; Iteration limit for constant Verilog loops                                 ; 5000               ; 5000               ;
; Iteration limit for non-constant Verilog loops                             ; 250                ; 250                ;
; Add Pass-Through Logic to Inferred RAMs                                    ; On                 ; On                 ;
; Infer RAMs from Raw Logic                                                  ; On                 ; On                 ;
; Parallel Synthesis                                                         ; On                 ; On                 ;
; DSP Block Balancing                                                        ; Auto               ; Auto               ;
; NOT Gate Push-Back                                                         ; On                 ; On                 ;
; Power-Up Don't Care                                                        ; On                 ; On                 ;
; Remove Redundant Logic Cells                                               ; Off                ; Off                ;
; Remove Duplicate Registers                                                 ; On                 ; On                 ;
; Ignore CARRY Buffers                                                       ; Off                ; Off                ;
; Ignore CASCADE Buffers                                                     ; Off                ; Off                ;
; Ignore GLOBAL Buffers                                                      ; Off                ; Off                ;
; Ignore ROW GLOBAL Buffers                                                  ; Off                ; Off                ;
; Ignore LCELL Buffers                                                       ; Off                ; Off                ;
; Ignore SOFT Buffers                                                        ; On                 ; On                 ;
; Limit AHDL Integers to 32 Bits                                             ; Off                ; Off                ;
; Optimization Technique                                                     ; Balanced           ; Balanced           ;
; Carry Chain Length                                                         ; 70                 ; 70                 ;
; Auto Carry Chains                                                          ; On                 ; On                 ;
; Auto Open-Drain Pins                                                       ; On                 ; On                 ;
; Perform WYSIWYG Primitive Resynthesis                                      ; Off                ; Off                ;
; Auto ROM Replacement                                                       ; On                 ; On                 ;
; Auto RAM Replacement                                                       ; On                 ; On                 ;
; Auto Shift Register Replacement                                            ; Auto               ; Auto               ;
; Allow Shift Register Merging across Hierarchies                            ; Auto               ; Auto               ;
; Auto Clock Enable Replacement                                              ; On                 ; On                 ;
; Strict RAM Replacement                                                     ; Off                ; Off                ;
; Allow Synchronous Control Signals                                          ; On                 ; On                 ;
; Force Use of Synchronous Clear Signals                                     ; Off                ; Off                ;
; Auto RAM to Logic Cell Conversion                                          ; Off                ; Off                ;
; Auto Resource Sharing                                                      ; Off                ; Off                ;
; Allow Any RAM Size For Recognition                                         ; Off                ; Off                ;
; Allow Any ROM Size For Recognition                                         ; Off                ; Off                ;
; Allow Any Shift Register Size For Recognition                              ; Off                ; Off                ;
; Use LogicLock Constraints during Resource Balancing                        ; On                 ; On                 ;
; Ignore translate_off and synthesis_off directives                          ; Off                ; Off                ;
; Timing-Driven Synthesis                                                    ; Off                ; Off                ;
; Report Parameter Settings                                                  ; On                 ; On                 ;
; Report Source Assignments                                                  ; On                 ; On                 ;
; Report Connectivity Checks                                                 ; On                 ; On                 ;
; Ignore Maximum Fan-Out Assignments                                         ; Off                ; Off                ;
; Synchronization Register Chain Length                                      ; 2                  ; 2                  ;
; PowerPlay Power Optimization                                               ; Normal compilation ; Normal compilation ;
; HDL message level                                                          ; Level2             ; Level2             ;
; Suppress Register Optimization Related Messages                            ; Off                ; Off                ;
; Number of Removed Registers Reported in Synthesis Report                   ; 5000               ; 5000               ;
; Number of Swept Nodes Reported in Synthesis Report                         ; 5000               ; 5000               ;
; Number of Inverted Registers Reported in Synthesis Report                  ; 100                ; 100                ;
; Clock MUX Protection                                                       ; On                 ; On                 ;
; Auto Gated Clock Conversion                                                ; Off                ; Off                ;
; Block Design Naming                                                        ; Auto               ; Auto               ;
; SDC constraint protection                                                  ; Off                ; Off                ;
; Synthesis Effort                                                           ; Auto               ; Auto               ;
; Shift Register Replacement - Allow Asynchronous Clear Signal               ; On                 ; On                 ;
; Pre-Mapping Resynthesis Optimization                                       ; Off                ; Off                ;
; Analysis & Synthesis Message Level                                         ; Medium             ; Medium             ;
; Disable Register Merging Across Hierarchies                                ; Auto               ; Auto               ;
; Resource Aware Inference For Block RAM                                     ; On                 ; On                 ;
; Synthesis Seed                                                             ; 1                  ; 1                  ;
+----------------------------------------------------------------------------+--------------------+--------------------+


Parallel compilation was disabled, but you have multiple processors available. Enable parallel compilation to reduce compilation time.
+-------------------------------------+
; Parallel Compilation                ;
+----------------------------+--------+
; Processors                 ; Number ;
+----------------------------+--------+
; Number detected on machine ; 4      ;
; Maximum allowed            ; 1      ;
+----------------------------+--------+


+------------------------------------------------------------------------------------------------------------------------------------------------------------------------------------------+
; Analysis & Synthesis Source Files Read                                                                                                                                                   ;
+----------------------------------+-----------------+-----------------------+---------------------------------------------------------------------------------------------------+---------+
; File Name with User-Entered Path ; Used in Netlist ; File Type             ; File Name with Absolute Path                                                                      ; Library ;
+----------------------------------+-----------------+-----------------------+---------------------------------------------------------------------------------------------------+---------+
; Bombeador.vhd                    ; yes             ; User VHDL File        ; C:/Users/Aluno/Desktop/André Dalla Costa e Matheus Lindino/KABUUUM/Bombeador.vhd                  ;         ;
; Definir_TIME.vhd                 ; yes             ; User VHDL File        ; C:/Users/Aluno/Desktop/André Dalla Costa e Matheus Lindino/KABUUUM/Definir_TIME.vhd               ;         ;
; luzes.vhd                        ; yes             ; User VHDL File        ; C:/Users/Aluno/Desktop/André Dalla Costa e Matheus Lindino/KABUUUM/luzes.vhd                      ;         ;
; display_7.vhd                    ; yes             ; Auto-Found VHDL File  ; C:/Users/Aluno/Desktop/André Dalla Costa e Matheus Lindino/KABUUUM/display_7.vhd                  ;         ;
; divisor_freq.vhd                 ; yes             ; Auto-Found VHDL File  ; C:/Users/Aluno/Desktop/André Dalla Costa e Matheus Lindino/KABUUUM/divisor_freq.vhd               ;         ;
; contador_sincrono_dividido.vhd   ; yes             ; Auto-Found VHDL File  ; C:/Users/Aluno/Desktop/André Dalla Costa e Matheus Lindino/KABUUUM/contador_sincrono_dividido.vhd ;         ;
+----------------------------------+-----------------+-----------------------+---------------------------------------------------------------------------------------------------+---------+


+---------------------------------------------------------+
; Analysis & Synthesis Resource Usage Summary             ;
+---------------------------------------------+-----------+
; Resource                                    ; Usage     ;
+---------------------------------------------+-----------+
; Estimated Total logic elements              ; 644       ;
;                                             ;           ;
; Total combinational functions               ; 630       ;
; Logic element usage by number of LUT inputs ;           ;
;     -- 4 input functions                    ; 345       ;
;     -- 3 input functions                    ; 48        ;
;     -- <=2 input functions                  ; 237       ;
;                                             ;           ;
; Logic elements by mode                      ;           ;
;     -- normal mode                          ; 460       ;
;     -- arithmetic mode                      ; 170       ;
;                                             ;           ;
; Total registers                             ; 259       ;
;     -- Dedicated logic registers            ; 259       ;
;     -- I/O registers                        ; 0         ;
;                                             ;           ;
; I/O pins                                    ; 98        ;
; Embedded Multiplier 9-bit elements          ; 0         ;
; Maximum fan-out node                        ; clock_ini ;
; Maximum fan-out                             ; 224       ;
; Total fan-out                               ; 2992      ;
; Average fan-out                             ; 3.03      ;
+---------------------------------------------+-----------+


+-------------------------------------------------------------------------------------------------------------------------------------------------------------------------------------------------------------------------------------------------------+
; Analysis & Synthesis Resource Utilization by Entity                                                                                                                                                                                                   ;
+------------------------------------------------+-------------------+--------------+-------------+--------------+---------+-----------+------+--------------+---------------------------------------------------------------------------+--------------+
; Compilation Hierarchy Node                     ; LC Combinationals ; LC Registers ; Memory Bits ; DSP Elements ; DSP 9x9 ; DSP 18x18 ; Pins ; Virtual Pins ; Full Hierarchy Name                                                       ; Library Name ;
+------------------------------------------------+-------------------+--------------+-------------+--------------+---------+-----------+------+--------------+---------------------------------------------------------------------------+--------------+
; |Bombeador                                     ; 630 (212)         ; 259 (102)    ; 0           ; 0            ; 0       ; 0         ; 98   ; 0            ; |Bombeador                                                                ; work         ;
;    |Contador_Sincrono_Dividido:Contador_final| ; 223 (92)          ; 61 (19)      ; 0           ; 0            ; 0       ; 0         ; 0    ; 0            ; |Bombeador|Contador_Sincrono_Dividido:Contador_final                      ; work         ;
;       |Divisor_Freq:Divisor|                   ; 98 (98)           ; 42 (42)      ; 0           ; 0            ; 0       ; 0         ; 0    ; 0            ; |Bombeador|Contador_Sincrono_Dividido:Contador_final|Divisor_Freq:Divisor ; work         ;
;       |display_7:MINUTOS2|                     ; 8 (8)             ; 0 (0)        ; 0           ; 0            ; 0       ; 0         ; 0    ; 0            ; |Bombeador|Contador_Sincrono_Dividido:Contador_final|display_7:MINUTOS2   ; work         ;
;       |display_7:MINUTOS|                      ; 7 (7)             ; 0 (0)        ; 0           ; 0            ; 0       ; 0         ; 0    ; 0            ; |Bombeador|Contador_Sincrono_Dividido:Contador_final|display_7:MINUTOS    ; work         ;
;       |display_7:SEGUNDOS2|                    ; 9 (9)             ; 0 (0)        ; 0           ; 0            ; 0       ; 0         ; 0    ; 0            ; |Bombeador|Contador_Sincrono_Dividido:Contador_final|display_7:SEGUNDOS2  ; work         ;
;       |display_7:SEGUNDOS|                     ; 9 (9)             ; 0 (0)        ; 0           ; 0            ; 0       ; 0         ; 0    ; 0            ; |Bombeador|Contador_Sincrono_Dividido:Contador_final|display_7:SEGUNDOS   ; work         ;
;    |Definir_TIME:DEFINIR_TEMPO|                ; 73 (22)           ; 54 (16)      ; 0           ; 0            ; 0       ; 0         ; 0    ; 0            ; |Bombeador|Definir_TIME:DEFINIR_TEMPO                                     ; work         ;
;       |Divisor_Freq:DIV|                       ; 51 (51)           ; 38 (38)      ; 0           ; 0            ; 0       ; 0         ; 0    ; 0            ; |Bombeador|Definir_TIME:DEFINIR_TEMPO|Divisor_Freq:DIV                    ; work         ;
;    |display_7:Display_code|                    ; 4 (4)             ; 0 (0)        ; 0           ; 0            ; 0       ; 0         ; 0    ; 0            ; |Bombeador|display_7:Display_code                                         ; work         ;
;    |luzes:Luzes_def|                           ; 118 (0)           ; 42 (0)       ; 0           ; 0            ; 0       ; 0         ; 0    ; 0            ; |Bombeador|luzes:Luzes_def                                                ; work         ;
;       |Divisor_Freq:Um_Seg|                    ; 118 (118)         ; 42 (42)      ; 0           ; 0            ; 0       ; 0         ; 0    ; 0            ; |Bombeador|luzes:Luzes_def|Divisor_Freq:Um_Seg                            ; work         ;
+------------------------------------------------+-------------------+--------------+-------------+--------------+---------+-----------+------+--------------+---------------------------------------------------------------------------+--------------+
Note: For table entries with two numbers listed, the numbers in parentheses indicate the number of resources of the given type used by the specific entity alone. The numbers listed outside of parentheses indicate the total resources of the given type used by the specific entity and all of its sub-entities in the hierarchy.


+---------------------------------------------------------------------------------------------------+
; Registers Removed During Synthesis                                                                ;
+----------------------------------------------------------+----------------------------------------+
; Register name                                            ; Reason for Removal                     ;
+----------------------------------------------------------+----------------------------------------+
; Definir_TIME:DEFINIR_TEMPO|Divisor_Freq:DIV|count0[0..3] ; Stuck at GND due to stuck port data_in ;
; Controle_time[1]                                         ; Merged with Controle_time[0]           ;
; again[1..30]                                             ; Merged with again[31]                  ;
; LUZES_VERME[16]~reg0                                     ; Merged with LUZES_VERME[17]~reg0       ;
; LUZES_VERME[15]~reg0                                     ; Merged with LUZES_VERME[17]~reg0       ;
; LUZES_VERME[14]~reg0                                     ; Merged with LUZES_VERME[17]~reg0       ;
; LUZES_VERME[13]~reg0                                     ; Merged with LUZES_VERME[17]~reg0       ;
; LUZES_VERME[12]~reg0                                     ; Merged with LUZES_VERME[17]~reg0       ;
; LUZES_VERME[11]~reg0                                     ; Merged with LUZES_VERME[17]~reg0       ;
; LUZES_VERME[10]~reg0                                     ; Merged with LUZES_VERME[17]~reg0       ;
; LUZES_VERME[9]~reg0                                      ; Merged with LUZES_VERME[17]~reg0       ;
; LUZES_VERME[8]~reg0                                      ; Merged with LUZES_VERME[17]~reg0       ;
; LUZES_VERME[7]~reg0                                      ; Merged with LUZES_VERME[17]~reg0       ;
; LUZES_VERME[6]~reg0                                      ; Merged with LUZES_VERME[17]~reg0       ;
; LUZES_VERME[5]~reg0                                      ; Merged with LUZES_VERME[17]~reg0       ;
; LUZES_VERME[4]~reg0                                      ; Merged with LUZES_VERME[17]~reg0       ;
; LUZES_VERME[3]~reg0                                      ; Merged with LUZES_VERME[17]~reg0       ;
; LUZES_VERME[2]~reg0                                      ; Merged with LUZES_VERME[17]~reg0       ;
; LUZES_VERME[1]~reg0                                      ; Merged with LUZES_VERME[17]~reg0       ;
; LUZES_VERME[0]~reg0                                      ; Merged with LUZES_VERME[17]~reg0       ;
; Saida_final[34]~reg0                                     ; Merged with Saida_final[41]~reg0       ;
; Saida_final[39]~reg0                                     ; Merged with Saida_final[40]~reg0       ;
; Saida_final[30]~reg0                                     ; Merged with Saida_final[40]~reg0       ;
; Saida_final[37]~reg0                                     ; Merged with Saida_final[38]~reg0       ;
; Saida_final[36]~reg0                                     ; Merged with Saida_final[38]~reg0       ;
; Saida_final[32]~reg0                                     ; Merged with Saida_final[38]~reg0       ;
; Saida_final[31]~reg0                                     ; Merged with Saida_final[38]~reg0       ;
; Saida_final[29]~reg0                                     ; Merged with Saida_final[38]~reg0       ;
; Zerar_display[2]~reg0                                    ; Merged with Zerar_display[6]~reg0      ;
; again[31]                                                ; Stuck at GND due to stuck port data_in ;
; Saida_final[33]~reg0                                     ; Stuck at VCC due to stuck port data_in ;
; Total Number of Removed Registers = 63                   ;                                        ;
+----------------------------------------------------------+----------------------------------------+


+------------------------------------------------------+
; General Register Statistics                          ;
+----------------------------------------------+-------+
; Statistic                                    ; Value ;
+----------------------------------------------+-------+
; Total registers                              ; 259   ;
; Number of registers using Synchronous Clear  ; 97    ;
; Number of registers using Synchronous Load   ; 1     ;
; Number of registers using Asynchronous Clear ; 132   ;
; Number of registers using Asynchronous Load  ; 0     ;
; Number of registers using Clock Enable       ; 192   ;
; Number of registers using Preset             ; 0     ;
+----------------------------------------------+-------+


+---------------------------------------------------+
; Inverted Register Statistics                      ;
+-----------------------------------------+---------+
; Inverted Register                       ; Fan out ;
+-----------------------------------------+---------+
; Zerar_display[1]~reg0                   ; 1       ;
; Zerar_display[6]~reg0                   ; 2       ;
; Zerar_display[3]~reg0                   ; 1       ;
; Zerar_display[4]~reg0                   ; 1       ;
; Zerar_display[5]~reg0                   ; 1       ;
; Zerar_display2[1]~reg0                  ; 2       ;
; Zerar_display2[2]~reg0                  ; 1       ;
; Zerar_display2[3]~reg0                  ; 1       ;
; Zerar_display2[4]~reg0                  ; 1       ;
; Zerar_display2[5]~reg0                  ; 1       ;
; Zerar_display2[6]~reg0                  ; 2       ;
; Saida_final[1]~reg0                     ; 2       ;
; Saida_final[2]~reg0                     ; 2       ;
; Saida_final[3]~reg0                     ; 2       ;
; Saida_final[4]~reg0                     ; 2       ;
; Saida_final[5]~reg0                     ; 2       ;
; Saida_final[6]~reg0                     ; 2       ;
; Saida_final[8]~reg0                     ; 2       ;
; Saida_final[9]~reg0                     ; 2       ;
; Saida_final[10]~reg0                    ; 2       ;
; Saida_final[11]~reg0                    ; 2       ;
; Saida_final[12]~reg0                    ; 2       ;
; Saida_final[13]~reg0                    ; 2       ;
; Saida_final[15]~reg0                    ; 2       ;
; Saida_final[16]~reg0                    ; 2       ;
; Saida_final[17]~reg0                    ; 2       ;
; Saida_final[18]~reg0                    ; 2       ;
; Saida_final[19]~reg0                    ; 2       ;
; Saida_final[20]~reg0                    ; 2       ;
; Saida_final[22]~reg0                    ; 2       ;
; Saida_final[23]~reg0                    ; 2       ;
; Saida_final[24]~reg0                    ; 2       ;
; Saida_final[25]~reg0                    ; 2       ;
; Saida_final[26]~reg0                    ; 2       ;
; Saida_final[27]~reg0                    ; 2       ;
; Saida_final[38]~reg0                    ; 6       ;
; Saida_final[40]~reg0                    ; 3       ;
; Saida_final[41]~reg0                    ; 2       ;
; Total number of inverted registers = 38 ;         ;
+-----------------------------------------+---------+


+---------------------------------------------------------------------------------------------------------------------------------------------------------------------------------------------------+
; Multiplexer Restructuring Statistics (Restructuring Performed)                                                                                                                                    ;
+--------------------+-----------+---------------+----------------------+------------------------+------------+-------------------------------------------------------------------------------------+
; Multiplexer Inputs ; Bus Width ; Baseline Area ; Area if Restructured ; Saving if Restructured ; Registered ; Example Multiplexer Output                                                          ;
+--------------------+-----------+---------------+----------------------+------------------------+------------+-------------------------------------------------------------------------------------+
; 3:1                ; 10 bits   ; 20 LEs        ; 10 LEs               ; 10 LEs                 ; Yes        ; |Bombeador|Definir_TIME:DEFINIR_TEMPO|Divisor_Freq:DIV|count3[8]                    ;
; 3:1                ; 10 bits   ; 20 LEs        ; 10 LEs               ; 10 LEs                 ; Yes        ; |Bombeador|Definir_TIME:DEFINIR_TEMPO|Divisor_Freq:DIV|count2[9]                    ;
; 3:1                ; 10 bits   ; 20 LEs        ; 10 LEs               ; 10 LEs                 ; Yes        ; |Bombeador|Definir_TIME:DEFINIR_TEMPO|Divisor_Freq:DIV|count1[0]                    ;
; 4:1                ; 2 bits    ; 4 LEs         ; 4 LEs                ; 0 LEs                  ; Yes        ; |Bombeador|sel_fios_luzes[0]                                                        ;
; 4:1                ; 10 bits   ; 20 LEs        ; 10 LEs               ; 10 LEs                 ; Yes        ; |Bombeador|luzes:Luzes_def|Divisor_Freq:Um_Seg|count1[0]                            ;
; 4:1                ; 10 bits   ; 20 LEs        ; 10 LEs               ; 10 LEs                 ; Yes        ; |Bombeador|Contador_Sincrono_Dividido:Contador_final|Divisor_Freq:Divisor|count1[0] ;
; 5:1                ; 10 bits   ; 30 LEs        ; 10 LEs               ; 20 LEs                 ; Yes        ; |Bombeador|luzes:Luzes_def|Divisor_Freq:Um_Seg|count2[4]                            ;
; 5:1                ; 10 bits   ; 30 LEs        ; 10 LEs               ; 20 LEs                 ; Yes        ; |Bombeador|Contador_Sincrono_Dividido:Contador_final|Divisor_Freq:Divisor|count2[1] ;
; 5:1                ; 2 bits    ; 6 LEs         ; 4 LEs                ; 2 LEs                  ; Yes        ; |Bombeador|Saida_final[28]~reg0                                                     ;
; 6:1                ; 10 bits   ; 40 LEs        ; 10 LEs               ; 30 LEs                 ; Yes        ; |Bombeador|luzes:Luzes_def|Divisor_Freq:Um_Seg|count3[1]                            ;
; 6:1                ; 10 bits   ; 40 LEs        ; 10 LEs               ; 30 LEs                 ; Yes        ; |Bombeador|Contador_Sincrono_Dividido:Contador_final|Divisor_Freq:Divisor|count3[9] ;
; 7:1                ; 8 bits    ; 32 LEs        ; 16 LEs               ; 16 LEs                 ; Yes        ; |Bombeador|Contador_Sincrono_Dividido:Contador_final|Divisor_Freq:Divisor|count0[9] ;
; 9:1                ; 2 bits    ; 12 LEs        ; 8 LEs                ; 4 LEs                  ; Yes        ; |Bombeador|luzes:Luzes_def|Divisor_Freq:Um_Seg|count0[3]                            ;
; 9:1                ; 6 bits    ; 36 LEs        ; 18 LEs               ; 18 LEs                 ; Yes        ; |Bombeador|luzes:Luzes_def|Divisor_Freq:Um_Seg|count0[6]                            ;
; 11:1               ; 2 bits    ; 14 LEs        ; 10 LEs               ; 4 LEs                  ; Yes        ; |Bombeador|sel_fios[0]                                                              ;
; 21:1               ; 2 bits    ; 28 LEs        ; 0 LEs                ; 28 LEs                 ; Yes        ; |Bombeador|again[0]                                                                 ;
; 3:1                ; 4 bits    ; 8 LEs         ; 4 LEs                ; 4 LEs                  ; Yes        ; |Bombeador|Contador_Sincrono_Dividido:Contador_final|C[3]                           ;
; 4:1                ; 4 bits    ; 8 LEs         ; 4 LEs                ; 4 LEs                  ; Yes        ; |Bombeador|Contador_Sincrono_Dividido:Contador_final|B[3]                           ;
; 5:1                ; 3 bits    ; 9 LEs         ; 6 LEs                ; 3 LEs                  ; Yes        ; |Bombeador|Saida_final[41]~reg0                                                     ;
; 10:1               ; 6 bits    ; 36 LEs        ; 24 LEs               ; 12 LEs                 ; Yes        ; |Bombeador|Zerar_display[5]~reg0                                                    ;
+--------------------+-----------+---------------+----------------------+------------------------+------------+-------------------------------------------------------------------------------------+


+----------------------------------------------------------------------------------------------------------------------------------------------------------------------------+
; Port Connectivity Checks: "Contador_Sincrono_Dividido:Contador_final|Divisor_Freq:Divisor"                                                                                 ;
+----------+-------+----------+----------------------------------------------------------------------------------------------------------------------------------------------+
; Port     ; Type  ; Severity ; Details                                                                                                                                      ;
+----------+-------+----------+----------------------------------------------------------------------------------------------------------------------------------------------+
; sel_time ; Input ; Warning  ; Declared by entity but not connected by instance. If a default value exists, it will be used.  Otherwise, the port will be connected to GND. ;
+----------+-------+----------+----------------------------------------------------------------------------------------------------------------------------------------------+


+-------------------------------------------------------------------------+
; Port Connectivity Checks: "Definir_TIME:DEFINIR_TEMPO|Divisor_Freq:DIV" ;
+----------+-------+----------+-------------------------------------------+
; Port     ; Type  ; Severity ; Details                                   ;
+----------+-------+----------+-------------------------------------------+
; sel      ; Input ; Info     ; Stuck at GND                              ;
; sel_time ; Input ; Info     ; Stuck at VCC                              ;
+----------+-------+----------+-------------------------------------------+


+-------------------------------+
; Elapsed Time Per Partition    ;
+----------------+--------------+
; Partition Name ; Elapsed Time ;
+----------------+--------------+
; Top            ; 00:00:01     ;
+----------------+--------------+


+-------------------------------+
; Analysis & Synthesis Messages ;
+-------------------------------+
Info: *******************************************************************
Info: Running Quartus II 64-Bit Analysis & Synthesis
    Info: Version 13.0.1 Build 232 06/12/2013 Service Pack 1 SJ Web Edition
    Info: Processing started: Tue Jun 26 21:30:28 2018
Info: Command: quartus_map --read_settings_files=on --write_settings_files=off Bombeador -c Bombeador
Warning (20028): Parallel compilation is not licensed and has been disabled
Info (12021): Found 2 design units, including 1 entities, in source file bombeador.vhd
    Info (12022): Found design unit 1: Bombeador-arch_Bombeador
    Info (12023): Found entity 1: Bombeador
Info (12021): Found 2 design units, including 1 entities, in source file definir_time.vhd
    Info (12022): Found design unit 1: Definir_TIME-ARCH_TIME
    Info (12023): Found entity 1: Definir_TIME
Warning (12019): Can't analyze file -- file ver_borda.vhd is missing
Info (12021): Found 2 design units, including 1 entities, in source file luzes.vhd
    Info (12022): Found design unit 1: luzes-arch_luzes
    Info (12023): Found entity 1: luzes
Info (12127): Elaborating entity "Bombeador" for the top level hierarchy
Warning (10036): Verilog HDL or VHDL warning at Bombeador.vhd(22): object "errou" assigned a value but never read
Warning (12125): Using design file display_7.vhd, which is not specified as a design file for the current project, but contains definitions for 2 design units and 1 entities in project
    Info (12022): Found design unit 1: display_7-arch_display_7
    Info (12023): Found entity 1: display_7
Info (12128): Elaborating entity "display_7" for hierarchy "display_7:Display_code"
Info (10041): Inferred latch for "S[0]" at display_7.vhd(13)
Info (10041): Inferred latch for "S[1]" at display_7.vhd(13)
Info (10041): Inferred latch for "S[2]" at display_7.vhd(13)
Info (10041): Inferred latch for "S[3]" at display_7.vhd(13)
Info (10041): Inferred latch for "S[4]" at display_7.vhd(13)
Info (10041): Inferred latch for "S[5]" at display_7.vhd(13)
Info (10041): Inferred latch for "S[6]" at display_7.vhd(13)
Info (12128): Elaborating entity "Definir_TIME" for hierarchy "Definir_TIME:DEFINIR_TEMPO"
Warning (10492): VHDL Process Statement warning at Definir_TIME.vhd(34): signal "newclock" is read inside the Process Statement but isn't in the Process Statement's sensitivity list
Warning (12125): Using design file divisor_freq.vhd, which is not specified as a design file for the current project, but contains definitions for 2 design units and 1 entities in project
    Info (12022): Found design unit 1: Divisor_Freq-arc_Divider
    Info (12023): Found entity 1: Divisor_Freq
Info (12128): Elaborating entity "Divisor_Freq" for hierarchy "Definir_TIME:DEFINIR_TEMPO|Divisor_Freq:DIV"
Warning (12125): Using design file contador_sincrono_dividido.vhd, which is not specified as a design file for the current project, but contains definitions for 2 design units and 1 entities in project
    Info (12022): Found design unit 1: Contador_Sincrono_Dividido-arch_Contador_Sincrono_Dividido
    Info (12023): Found entity 1: Contador_Sincrono_Dividido
Info (12128): Elaborating entity "Contador_Sincrono_Dividido" for hierarchy "Contador_Sincrono_Dividido:Contador_final"
Warning (10492): VHDL Process Statement warning at contador_sincrono_dividido.vhd(43): signal "reset" is read inside the Process Statement but isn't in the Process Statement's sensitivity list
Warning (10492): VHDL Process Statement warning at contador_sincrono_dividido.vhd(51): signal "comeco" is read inside the Process Statement but isn't in the Process Statement's sensitivity list
Warning (10492): VHDL Process Statement warning at contador_sincrono_dividido.vhd(52): signal "Ain" is read inside the Process Statement but isn't in the Process Statement's sensitivity list
Warning (10492): VHDL Process Statement warning at contador_sincrono_dividido.vhd(53): signal "Bin" is read inside the Process Statement but isn't in the Process Statement's sensitivity list
Warning (10492): VHDL Process Statement warning at contador_sincrono_dividido.vhd(54): signal "Cin" is read inside the Process Statement but isn't in the Process Statement's sensitivity list
Warning (10492): VHDL Process Statement warning at contador_sincrono_dividido.vhd(55): signal "Din" is read inside the Process Statement but isn't in the Process Statement's sensitivity list
Info (12128): Elaborating entity "Divisor_Freq" for hierarchy "Contador_Sincrono_Dividido:Contador_final|Divisor_Freq:Divisor"
Info (12128): Elaborating entity "luzes" for hierarchy "luzes:Luzes_def"
Warning (12241): 1 hierarchies have connectivity warnings - see the Connectivity Checks report folder
Info (13000): Registers with preset signals will power-up high
Info (13003): DEV_CLRn pin will set, and not reset, register with preset signal due to NOT Gate Push-Back
Warning (13004): Presettable and clearable registers converted to equivalent circuits with latches. Registers power-up to an undefined state, and DEVCLRn places the registers in an undefined state.
    Warning (13310): Register "Contador_Sincrono_Dividido:Contador_final|A[0]" is converted into an equivalent circuit using register "Contador_Sincrono_Dividido:Contador_final|A[0]~_emulated" and latch "Contador_Sincrono_Dividido:Contador_final|A[0]~1"
    Warning (13310): Register "Contador_Sincrono_Dividido:Contador_final|A[1]" is converted into an equivalent circuit using register "Contador_Sincrono_Dividido:Contador_final|A[1]~_emulated" and latch "Contador_Sincrono_Dividido:Contador_final|A[1]~6"
    Warning (13310): Register "Contador_Sincrono_Dividido:Contador_final|A[2]" is converted into an equivalent circuit using register "Contador_Sincrono_Dividido:Contador_final|A[2]~_emulated" and latch "Contador_Sincrono_Dividido:Contador_final|A[2]~11"
    Warning (13310): Register "Contador_Sincrono_Dividido:Contador_final|A[3]" is converted into an equivalent circuit using register "Contador_Sincrono_Dividido:Contador_final|A[3]~_emulated" and latch "Contador_Sincrono_Dividido:Contador_final|A[3]~16"
    Warning (13310): Register "Contador_Sincrono_Dividido:Contador_final|B[0]" is converted into an equivalent circuit using register "Contador_Sincrono_Dividido:Contador_final|B[0]~_emulated" and latch "Contador_Sincrono_Dividido:Contador_final|B[0]~1"
    Warning (13310): Register "Contador_Sincrono_Dividido:Contador_final|B[1]" is converted into an equivalent circuit using register "Contador_Sincrono_Dividido:Contador_final|B[1]~_emulated" and latch "Contador_Sincrono_Dividido:Contador_final|B[1]~6"
    Warning (13310): Register "Contador_Sincrono_Dividido:Contador_final|B[2]" is converted into an equivalent circuit using register "Contador_Sincrono_Dividido:Contador_final|B[2]~_emulated" and latch "Contador_Sincrono_Dividido:Contador_final|B[2]~11"
    Warning (13310): Register "Contador_Sincrono_Dividido:Contador_final|B[3]" is converted into an equivalent circuit using register "Contador_Sincrono_Dividido:Contador_final|B[3]~_emulated" and latch "Contador_Sincrono_Dividido:Contador_final|B[3]~16"
    Warning (13310): Register "Contador_Sincrono_Dividido:Contador_final|C[0]" is converted into an equivalent circuit using register "Contador_Sincrono_Dividido:Contador_final|C[0]~_emulated" and latch "Contador_Sincrono_Dividido:Contador_final|C[0]~1"
    Warning (13310): Register "Contador_Sincrono_Dividido:Contador_final|C[1]" is converted into an equivalent circuit using register "Contador_Sincrono_Dividido:Contador_final|C[1]~_emulated" and latch "Contador_Sincrono_Dividido:Contador_final|C[1]~6"
    Warning (13310): Register "Contador_Sincrono_Dividido:Contador_final|C[2]" is converted into an equivalent circuit using register "Contador_Sincrono_Dividido:Contador_final|C[2]~_emulated" and latch "Contador_Sincrono_Dividido:Contador_final|C[2]~11"
    Warning (13310): Register "Contador_Sincrono_Dividido:Contador_final|C[3]" is converted into an equivalent circuit using register "Contador_Sincrono_Dividido:Contador_final|C[3]~_emulated" and latch "Contador_Sincrono_Dividido:Contador_final|C[3]~16"
    Warning (13310): Register "Contador_Sincrono_Dividido:Contador_final|D[0]" is converted into an equivalent circuit using register "Contador_Sincrono_Dividido:Contador_final|D[0]~_emulated" and latch "Contador_Sincrono_Dividido:Contador_final|D[0]~1"
    Warning (13310): Register "Contador_Sincrono_Dividido:Contador_final|D[1]" is converted into an equivalent circuit using register "Contador_Sincrono_Dividido:Contador_final|D[1]~_emulated" and latch "Contador_Sincrono_Dividido:Contador_final|D[1]~6"
    Warning (13310): Register "Contador_Sincrono_Dividido:Contador_final|D[2]" is converted into an equivalent circuit using register "Contador_Sincrono_Dividido:Contador_final|D[2]~_emulated" and latch "Contador_Sincrono_Dividido:Contador_final|D[2]~11"
    Warning (13310): Register "Contador_Sincrono_Dividido:Contador_final|D[3]" is converted into an equivalent circuit using register "Contador_Sincrono_Dividido:Contador_final|D[3]~_emulated" and latch "Contador_Sincrono_Dividido:Contador_final|D[3]~16"
Warning (13024): Output pins are stuck at VCC or GND
    Warning (13410): Pin "Saida_final[33]" is stuck at VCC
Critical Warning (18061): Ignored Power-Up Level option on the following registers
    Critical Warning (18010): Register Zerar_display[0]~reg0 will power up to Low
    Critical Warning (18010): Register Zerar_display2[0]~reg0 will power up to Low
Info (16010): Generating hard_block partition "hard_block:auto_generated_inst"
    Info (16011): Adding 0 node(s), including 0 DDIO, 0 PLL, 0 transceiver and 0 LCELL
Info (21057): Implemented 779 device resources after synthesis - the final resource count might be different
    Info (21058): Implemented 15 input pins
    Info (21059): Implemented 83 output pins
    Info (21061): Implemented 681 logic cells
Info: Quartus II 64-Bit Analysis & Synthesis was successful. 0 errors, 36 warnings
    Info: Peak virtual memory: 4672 megabytes
    Info: Processing ended: Tue Jun 26 21:30:31 2018
    Info: Elapsed time: 00:00:03
    Info: Total CPU time (on all processors): 00:00:03


